Start testing: Jul 12 19:42 EDT
----------------------------------------------------------
1/3 Testing: qa_howto_square_ff
1/3 Test: qa_howto_square_ff
Command: "/bin/sh" "/home/traviscollins/git/gnuradio/gr-howto-write-a-block/lib/qa_howto_square_ff_test.sh"
Directory: /home/traviscollins/git/gnuradio/gr-howto-write-a-block/lib
"qa_howto_square_ff" start time: Jul 12 19:42 EDT
Output:
----------------------------------------------------------
Running 2 test cases...

*** No errors detected
<end of output>
Test time =   0.09 sec
----------------------------------------------------------
Test Passed.
"qa_howto_square_ff" end time: Jul 12 19:42 EDT
"qa_howto_square_ff" time elapsed: 00:00:00
----------------------------------------------------------

2/3 Testing: qa_howto_square2_ff
2/3 Test: qa_howto_square2_ff
Command: "/bin/sh" "/home/traviscollins/git/gnuradio/gr-howto-write-a-block/lib/qa_howto_square2_ff_test.sh"
Directory: /home/traviscollins/git/gnuradio/gr-howto-write-a-block/lib
"qa_howto_square2_ff" start time: Jul 12 19:42 EDT
Output:
----------------------------------------------------------
Running 2 test cases...

*** No errors detected
<end of output>
Test time =   0.06 sec
----------------------------------------------------------
Test Passed.
"qa_howto_square2_ff" end time: Jul 12 19:42 EDT
"qa_howto_square2_ff" time elapsed: 00:00:00
----------------------------------------------------------

3/3 Testing: qa_howto
3/3 Test: qa_howto
Command: "/bin/sh" "/home/traviscollins/git/gnuradio/gr-howto-write-a-block/python/qa_howto_test.sh"
Directory: /home/traviscollins/git/gnuradio/gr-howto-write-a-block/python
"qa_howto" start time: Jul 12 19:42 EDT
Output:
----------------------------------------------------------
.
----------------------------------------------------------------------
Ran 1 test in 0.118s

OK
<end of output>
Test time =   1.91 sec
----------------------------------------------------------
Test Passed.
"qa_howto" end time: Jul 12 19:42 EDT
"qa_howto" time elapsed: 00:00:01
----------------------------------------------------------

End testing: Jul 12 19:42 EDT
