Start testing: Jul 13 10:17 EDT
----------------------------------------------------------
1/3 Testing: qa_howto_square_ff
1/3 Test: qa_howto_square_ff
Command: "/bin/sh" "/home/traviscollins/git/gnuradio/gr-howto-write-a-block/build/lib/qa_howto_square_ff_test.sh"
Directory: /home/traviscollins/git/gnuradio/gr-howto-write-a-block/build/lib
"qa_howto_square_ff" start time: Jul 13 10:17 EDT
Output:
----------------------------------------------------------
Running 2 test cases...

*** No errors detected
<end of output>
Test time =   0.01 sec
----------------------------------------------------------
Test Passed.
"qa_howto_square_ff" end time: Jul 13 10:17 EDT
"qa_howto_square_ff" time elapsed: 00:00:00
----------------------------------------------------------

2/3 Testing: qa_howto_square2_ff
2/3 Test: qa_howto_square2_ff
Command: "/bin/sh" "/home/traviscollins/git/gnuradio/gr-howto-write-a-block/build/lib/qa_howto_square2_ff_test.sh"
Directory: /home/traviscollins/git/gnuradio/gr-howto-write-a-block/build/lib
"qa_howto_square2_ff" start time: Jul 13 10:17 EDT
Output:
----------------------------------------------------------
Running 2 test cases...

*** No errors detected
<end of output>
Test time =   0.00 sec
----------------------------------------------------------
Test Passed.
"qa_howto_square2_ff" end time: Jul 13 10:17 EDT
"qa_howto_square2_ff" time elapsed: 00:00:00
----------------------------------------------------------

3/3 Testing: qa_howto
3/3 Test: qa_howto
Command: "/bin/sh" "/home/traviscollins/git/gnuradio/gr-howto-write-a-block/build/python/qa_howto_test.sh"
Directory: /home/traviscollins/git/gnuradio/gr-howto-write-a-block/build/python
"qa_howto" start time: Jul 13 10:17 EDT
Output:
----------------------------------------------------------
.
----------------------------------------------------------------------
Ran 1 test in 0.003s

OK
<end of output>
Test time =   0.13 sec
----------------------------------------------------------
Test Passed.
"qa_howto" end time: Jul 13 10:17 EDT
"qa_howto" time elapsed: 00:00:00
----------------------------------------------------------

End testing: Jul 13 10:17 EDT
